# JRE version: OpenJDK Runtime Environment (21.0.3) (build 21.0.3+-12282718-b509.11)
# Java VM: OpenJDK 64-Bit Server VM (21.0.3+-12282718-b509.11, mixed mode, tiered, compressed oops, compressed class ptrs, g1 gc, windows-amd64)
GC Precious Log:
 CardTable entry size: 512
 Card Set container configuration: InlinePtr #cards 5 size 8 Array Of Cards #cards 12 size 40 Howl #buckets 4 coarsen threshold 1843 Howl Bitmap #cards 512 size 80 coarsen threshold 460 Card regions per heap region 1 cards per card region 2048
 CPUs: 12 total, 12 available
 Memory: 7832M
 Large Page Support: Disabled
 NUMA Support: Disabled
 Compressed Oops: Enabled (32-bit)
 Heap Region Size: 1M
 Heap Min Capacity: 8M
 Heap Initial Capacity: 124M
 Heap Max Capacity: 2G
 Pre-touch: Disabled
 Parallel Workers: 10
 Concurrent Workers: 3
 Concurrent Refinement Workers: 10
 Periodic GC: Disabled
Heap:
 garbage-first heap   total 326656K, used 214212K [0x0000000080000000, 0x0000000100000000)
  region size 1024K, 58 young (59392K), 17 survivors (17408K)
 Metaspace       used 145396K, committed 147648K, reserved 1179648K
  class space    used 18974K, committed 20096K, reserved 1048576K
GC Heap History (20 events):
Event: 49.385 GC heap before
{Heap before GC invocations=51 (full 0):
 garbage-first heap   total 279552K, used 251923K [0x0000000080000000, 0x0000000100000000)
  region size 1024K, 112 young (114688K), 10 survivors (10240K)
 Metaspace       used 125044K, committed 127168K, reserved 1179648K
  class space    used 16588K, committed 17664K, reserved 1048576K
}
Event: 49.393 GC heap after
{Heap after GC invocations=52 (full 0):
 garbage-first heap   total 279552K, used 146826K [0x0000000080000000, 0x0000000100000000)
  region size 1024K, 4 young (4096K), 4 survivors (4096K)
 Metaspace       used 125044K, committed 127168K, reserved 1179648K
  class space    used 16588K, committed 17664K, reserved 1048576K
}
Event: 50.034 GC heap before
{Heap before GC invocations=52 (full 0):
 garbage-first heap   total 279552K, used 258442K [0x0000000080000000, 0x0000000100000000)
  region size 1024K, 114 young (116736K), 4 survivors (4096K)
 Metaspace       used 125118K, committed 127296K, reserved 1179648K
  class space    used 16588K, committed 17664K, reserved 1048576K
}
Event: 50.038 GC heap after
{Heap after GC invocations=53 (full 0):
 garbage-first heap   total 279552K, used 146397K [0x0000000080000000, 0x0000000100000000)
  region size 1024K, 4 young (4096K), 4 survivors (4096K)
 Metaspace       used 125118K, committed 127296K, reserved 1179648K
  class space    used 16588K, committed 17664K, reserved 1048576K
}
Event: 52.144 GC heap before
{Heap before GC invocations=54 (full 0):
 garbage-first heap   total 279552K, used 258013K [0x0000000080000000, 0x0000000100000000)
  region size 1024K, 114 young (116736K), 4 survivors (4096K)
 Metaspace       used 125566K, committed 127744K, reserved 1179648K
  class space    used 16626K, committed 17728K, reserved 1048576K
}
Event: 52.148 GC heap after
{Heap after GC invocations=55 (full 0):
 garbage-first heap   total 279552K, used 146921K [0x0000000080000000, 0x0000000100000000)
  region size 1024K, 5 young (5120K), 5 survivors (5120K)
 Metaspace       used 125566K, committed 127744K, reserved 1179648K
  class space    used 16626K, committed 17728K, reserved 1048576K
}
Event: 57.984 GC heap before
{Heap before GC invocations=55 (full 0):
 garbage-first heap   total 279552K, used 256489K [0x0000000080000000, 0x0000000100000000)
  region size 1024K, 113 young (115712K), 5 survivors (5120K)
 Metaspace       used 126178K, committed 128320K, reserved 1179648K
  class space    used 16665K, committed 17728K, reserved 1048576K
}
Event: 57.991 GC heap after
{Heap after GC invocations=56 (full 0):
 garbage-first heap   total 279552K, used 147905K [0x0000000080000000, 0x0000000100000000)
  region size 1024K, 8 young (8192K), 8 survivors (8192K)
 Metaspace       used 126178K, committed 128320K, reserved 1179648K
  class space    used 16665K, committed 17728K, reserved 1048576K
}
Event: 59.905 GC heap before
{Heap before GC invocations=56 (full 0):
 garbage-first heap   total 279552K, used 253377K [0x0000000080000000, 0x0000000100000000)
  region size 1024K, 112 young (114688K), 8 survivors (8192K)
 Metaspace       used 128855K, committed 131072K, reserved 1179648K
  class space    used 16997K, committed 18112K, reserved 1048576K
}
Event: 59.913 GC heap after
{Heap after GC invocations=57 (full 0):
 garbage-first heap   total 279552K, used 151399K [0x0000000080000000, 0x0000000100000000)
  region size 1024K, 11 young (11264K), 11 survivors (11264K)
 Metaspace       used 128855K, committed 131072K, reserved 1179648K
  class space    used 16997K, committed 18112K, reserved 1048576K
}
Event: 60.082 GC heap before
{Heap before GC invocations=58 (full 0):
 garbage-first heap   total 326656K, used 248679K [0x0000000080000000, 0x0000000100000000)
  region size 1024K, 107 young (109568K), 11 survivors (11264K)
 Metaspace       used 128888K, committed 131072K, reserved 1179648K
  class space    used 16997K, committed 18112K, reserved 1048576K
}
Event: 60.091 GC heap after
{Heap after GC invocations=59 (full 0):
 garbage-first heap   total 326656K, used 151995K [0x0000000080000000, 0x0000000100000000)
  region size 1024K, 8 young (8192K), 8 survivors (8192K)
 Metaspace       used 128888K, committed 131072K, reserved 1179648K
  class space    used 16997K, committed 18112K, reserved 1048576K
}
Event: 61.096 GC heap before
{Heap before GC invocations=59 (full 0):
 garbage-first heap   total 326656K, used 298427K [0x0000000080000000, 0x0000000100000000)
  region size 1024K, 152 young (155648K), 8 survivors (8192K)
 Metaspace       used 134733K, committed 136960K, reserved 1179648K
  class space    used 17730K, committed 18816K, reserved 1048576K
}
Event: 61.105 GC heap after
{Heap after GC invocations=60 (full 0):
 garbage-first heap   total 326656K, used 154596K [0x0000000080000000, 0x0000000100000000)
  region size 1024K, 10 young (10240K), 10 survivors (10240K)
 Metaspace       used 134733K, committed 136960K, reserved 1179648K
  class space    used 17730K, committed 18816K, reserved 1048576K
}
Event: 110.289 GC heap before
{Heap before GC invocations=60 (full 0):
 garbage-first heap   total 326656K, used 297956K [0x0000000080000000, 0x0000000100000000)
  region size 1024K, 151 young (154624K), 10 survivors (10240K)
 Metaspace       used 137525K, committed 139776K, reserved 1179648K
  class space    used 18009K, committed 19136K, reserved 1048576K
}
Event: 110.311 GC heap after
{Heap after GC invocations=61 (full 0):
 garbage-first heap   total 326656K, used 158648K [0x0000000080000000, 0x0000000100000000)
  region size 1024K, 15 young (15360K), 15 survivors (15360K)
 Metaspace       used 137525K, committed 139776K, reserved 1179648K
  class space    used 18009K, committed 19136K, reserved 1048576K
}
Event: 559.574 GC heap before
{Heap before GC invocations=61 (full 0):
 garbage-first heap   total 326656K, used 291768K [0x0000000080000000, 0x0000000100000000)
  region size 1024K, 146 young (149504K), 15 survivors (15360K)
 Metaspace       used 142638K, committed 144960K, reserved 1179648K
  class space    used 18747K, committed 19904K, reserved 1048576K
}
Event: 559.648 GC heap after
{Heap after GC invocations=62 (full 0):
 garbage-first heap   total 326656K, used 164921K [0x0000000080000000, 0x0000000100000000)
  region size 1024K, 15 young (15360K), 15 survivors (15360K)
 Metaspace       used 142638K, committed 144960K, reserved 1179648K
  class space    used 18747K, committed 19904K, reserved 1048576K
}
Event: 1273.307 GC heap before
{Heap before GC invocations=63 (full 0):
 garbage-first heap   total 326656K, used 291897K [0x0000000080000000, 0x0000000100000000)
  region size 1024K, 140 young (143360K), 15 survivors (15360K)
 Metaspace       used 145088K, committed 147392K, reserved 1179648K
  class space    used 18941K, committed 20096K, reserved 1048576K
}
Event: 1273.584 GC heap after
{Heap after GC invocations=64 (full 0):
 garbage-first heap   total 326656K, used 173252K [0x0000000080000000, 0x0000000100000000)
  region size 1024K, 17 young (17408K), 17 survivors (17408K)
 Metaspace       used 145088K, committed 147392K, reserved 1179648K
  class space    used 18941K, committed 20096K, reserved 1048576K
}

